Build started 12/31/2023 12:42:03 PM.
     1>Project "C:\My projects\OpenGL Projects\My\My\My.vcxproj" on node 2 (Build target(s)).
     1>ClCompile:
         C:\Program Files (x86)\Microsoft Visual Studio 12.0\VC\bin\CL.exe /c /ZI /nologo /W3 /WX- /sdl /Od /Oy- /D _CRT_SECURE_NO_WARNINGS /D _MBCS /Gm /EHsc /RTC1 /MDd /GS /fp:precise /Zc:wchar_t /Zc:forScope /Fo"Debug\\" /Fd"Debug\vc120.pdb" /Gd /TP /analyze- /errorReport:prompt Dome.cpp
         Dome.cpp
     1>c:\my projects\opengl projects\my\my\dome.cpp(41): warning C4305: 'initializing' : truncation from 'double' to 'float'
     1>c:\my projects\opengl projects\my\my\dome.cpp(54): warning C4244: 'argument' : conversion from 'double' to 'float', possible loss of data
     1>c:\my projects\opengl projects\my\my\dome.cpp(55): warning C4244: 'argument' : conversion from 'double' to 'float', possible loss of data
     1>c:\my projects\opengl projects\my\my\dome.cpp(59): warning C4244: 'argument' : conversion from 'double' to 'float', possible loss of data
     1>c:\my projects\opengl projects\my\my\dome.cpp(60): warning C4244: 'argument' : conversion from 'double' to 'float', possible loss of data
     1>c:\my projects\opengl projects\my\my\dome.cpp(61): warning C4244: 'argument' : conversion from 'double' to 'float', possible loss of data
     1>c:\my projects\opengl projects\my\my\dome.cpp(65): warning C4244: 'argument' : conversion from 'double' to 'float', possible loss of data
     1>c:\my projects\opengl projects\my\my\dome.cpp(66): warning C4244: 'argument' : conversion from 'double' to 'float', possible loss of data
     1>c:\my projects\opengl projects\my\my\dome.cpp(67): warning C4244: 'argument' : conversion from 'double' to 'float', possible loss of data
     1>c:\my projects\opengl projects\my\my\dome.cpp(71): warning C4244: 'argument' : conversion from 'double' to 'float', possible loss of data
     1>c:\my projects\opengl projects\my\my\dome.cpp(72): warning C4244: 'argument' : conversion from 'double' to 'float', possible loss of data
     1>c:\my projects\opengl projects\my\my\dome.cpp(73): warning C4244: 'argument' : conversion from 'double' to 'float', possible loss of data
     1>c:\my projects\opengl projects\my\my\dome.cpp(77): warning C4244: 'argument' : conversion from 'double' to 'float', possible loss of data
     1>c:\my projects\opengl projects\my\my\dome.cpp(81): warning C4244: 'argument' : conversion from 'double' to 'float', possible loss of data
     1>c:\my projects\opengl projects\my\my\dome.cpp(85): warning C4244: 'argument' : conversion from 'double' to 'float', possible loss of data
     1>c:\my projects\opengl projects\my\my\dome.cpp(89): warning C4244: 'argument' : conversion from 'double' to 'float', possible loss of data
     1>c:\my projects\opengl projects\my\my\dome.cpp(93): warning C4244: 'argument' : conversion from 'double' to 'float', possible loss of data
     1>c:\my projects\opengl projects\my\my\dome.cpp(97): warning C4244: 'argument' : conversion from 'double' to 'float', possible loss of data
     1>c:\my projects\opengl projects\my\my\dome.cpp(101): warning C4244: 'argument' : conversion from 'double' to 'float', possible loss of data
     1>c:\my projects\opengl projects\my\my\dome.cpp(105): warning C4244: 'argument' : conversion from 'double' to 'float', possible loss of data
     1>c:\my projects\opengl projects\my\my\dome.cpp(109): warning C4244: 'argument' : conversion from 'double' to 'float', possible loss of data
     1>c:\my projects\opengl projects\my\my\dome.cpp(115): warning C4244: 'argument' : conversion from 'double' to 'float', possible loss of data
     1>c:\my projects\opengl projects\my\my\dome.cpp(149): warning C4244: 'argument' : conversion from 'double' to 'float', possible loss of data
     1>c:\my projects\opengl projects\my\my\dome.cpp(150): warning C4244: 'argument' : conversion from 'double' to 'float', possible loss of data
     1>c:\my projects\opengl projects\my\my\dome.cpp(151): warning C4244: 'argument' : conversion from 'double' to 'float', possible loss of data
     1>c:\my projects\opengl projects\my\my\dome.cpp(152): warning C4244: 'argument' : conversion from 'double' to 'float', possible loss of data
     1>c:\my projects\opengl projects\my\my\dome.cpp(153): warning C4244: 'argument' : conversion from 'double' to 'float', possible loss of data
     1>c:\my projects\opengl projects\my\my\dome.cpp(154): warning C4244: 'argument' : conversion from 'double' to 'float', possible loss of data
     1>c:\my projects\opengl projects\my\my\dome.cpp(155): warning C4244: 'argument' : conversion from 'double' to 'float', possible loss of data
     1>c:\my projects\opengl projects\my\my\dome.cpp(156): warning C4244: 'argument' : conversion from 'double' to 'float', possible loss of data
     1>c:\my projects\opengl projects\my\my\dome.cpp(160): warning C4244: 'argument' : conversion from 'double' to 'float', possible loss of data
     1>c:\my projects\opengl projects\my\my\dome.cpp(165): warning C4244: 'argument' : conversion from 'double' to 'float', possible loss of data
     1>c:\my projects\opengl projects\my\my\dome.cpp(170): warning C4244: 'argument' : conversion from 'double' to 'float', possible loss of data
     1>c:\my projects\opengl projects\my\my\dome.cpp(174): warning C4244: 'argument' : conversion from 'double' to 'float', possible loss of data
     1>c:\my projects\opengl projects\my\my\dome.cpp(175): warning C4244: 'argument' : conversion from 'double' to 'float', possible loss of data
     1>c:\my projects\opengl projects\my\my\dome.cpp(176): warning C4244: 'argument' : conversion from 'double' to 'float', possible loss of data
     1>c:\my projects\opengl projects\my\my\dome.cpp(180): warning C4244: 'argument' : conversion from 'double' to 'float', possible loss of data
     1>c:\my projects\opengl projects\my\my\dome.cpp(181): warning C4244: 'argument' : conversion from 'double' to 'float', possible loss of data
     1>c:\my projects\opengl projects\my\my\dome.cpp(182): warning C4244: 'argument' : conversion from 'double' to 'float', possible loss of data
     1>c:\my projects\opengl projects\my\my\dome.cpp(186): warning C4244: 'argument' : conversion from 'double' to 'float', possible loss of data
     1>c:\my projects\opengl projects\my\my\dome.cpp(275): warning C4305: 'initializing' : truncation from 'double' to 'float'
     1>c:\my projects\opengl projects\my\my\dome.cpp(288): warning C4244: 'argument' : conversion from 'double' to 'float', possible loss of data
     1>c:\my projects\opengl projects\my\my\dome.cpp(292): warning C4244: 'argument' : conversion from 'double' to 'float', possible loss of data
     1>c:\my projects\opengl projects\my\my\dome.cpp(293): warning C4244: 'argument' : conversion from 'double' to 'float', possible loss of data
     1>c:\my projects\opengl projects\my\my\dome.cpp(298): warning C4244: 'argument' : conversion from 'double' to 'float', possible loss of data
     1>c:\my projects\opengl projects\my\my\dome.cpp(302): warning C4244: 'argument' : conversion from 'double' to 'float', possible loss of data
     1>c:\my projects\opengl projects\my\my\dome.cpp(306): warning C4244: 'argument' : conversion from 'double' to 'float', possible loss of data
     1>c:\my projects\opengl projects\my\my\dome.cpp(310): warning C4244: 'argument' : conversion from 'double' to 'float', possible loss of data
     1>c:\my projects\opengl projects\my\my\dome.cpp(314): warning C4244: 'argument' : conversion from 'double' to 'float', possible loss of data
     1>c:\my projects\opengl projects\my\my\dome.cpp(318): warning C4244: 'argument' : conversion from 'double' to 'float', possible loss of data
     1>c:\my projects\opengl projects\my\my\dome.cpp(322): warning C4244: 'argument' : conversion from 'double' to 'float', possible loss of data
     1>c:\my projects\opengl projects\my\my\dome.cpp(326): warning C4244: 'argument' : conversion from 'double' to 'float', possible loss of data
     1>c:\my projects\opengl projects\my\my\dome.cpp(330): warning C4244: 'argument' : conversion from 'double' to 'float', possible loss of data
       Link:
         C:\Program Files (x86)\Microsoft Visual Studio 12.0\VC\bin\link.exe /ERRORREPORT:PROMPT /OUT:"C:\My projects\OpenGL Projects\My\Debug\My.exe" /INCREMENTAL /NOLOGO GLAUX.lib GLU32.lib glut.lib OPENGL32.lib glut32.lib kernel32.lib user32.lib gdi32.lib winspool.lib comdlg32.lib advapi32.lib shell32.lib ole32.lib oleaut32.lib uuid.lib odbc32.lib odbccp32.lib /MANIFEST /MANIFESTUAC:"level='asInvoker' uiAccess='false'" /manifest:embed /DEBUG /PDB:"C:\My projects\OpenGL Projects\My\Debug\My.pdb" /TLBID:1 /DYNAMICBASE /NXCOMPAT /IMPLIB:"C:\My projects\OpenGL Projects\My\Debug\My.lib" /MACHINE:X86 Debug\Camera.obj
         Debug\Cube.obj
         Debug\Cylinder.obj
         Debug\Dome.obj
         Debug\HalfBall.obj
         Debug\Minaret.obj
         Debug\Octagon.obj
         Debug\Octahedron.obj
         Debug\Point.obj
         Debug\Primitives.obj
         Debug\Source.obj
         Debug\texture.obj
         My.vcxproj -> C:\My projects\OpenGL Projects\My\Debug\My.exe
     1>Done Building Project "C:\My projects\OpenGL Projects\My\My\My.vcxproj" (Build target(s)).

Build succeeded.

Time Elapsed 00:00:02.62
